e:\cloud\research\vision\qtcamuse2\x64\debug\qtcamuse2.bsc
e:\cloud\research\vision\qtcamuse2\qtcamuse2\x64\debug\vc140.pdb
e:\cloud\research\vision\qtcamuse2\qtcamuse2\x64\debug\capturethread.sbr
e:\cloud\research\vision\qtcamuse2\qtcamuse2\x64\debug\moc_capturethread.sbr
e:\cloud\research\vision\qtcamuse2\qtcamuse2\x64\debug\moc_qtcamuse.sbr
e:\cloud\research\vision\qtcamuse2\qtcamuse2\x64\debug\moc_qtcamuse_move.sbr
e:\cloud\research\vision\qtcamuse2\qtcamuse2\x64\debug\main.sbr
e:\cloud\research\vision\qtcamuse2\qtcamuse2\x64\debug\qtcamuse.sbr
e:\cloud\research\vision\qtcamuse2\qtcamuse2\x64\debug\qtcamuse_move.sbr
e:\cloud\research\vision\qtcamuse2\qtcamuse2\x64\debug\qtcamuse_move.obj
e:\cloud\research\vision\qtcamuse2\qtcamuse2\x64\debug\qtcamuse.obj
e:\cloud\research\vision\qtcamuse2\qtcamuse2\x64\debug\main.obj
e:\cloud\research\vision\qtcamuse2\qtcamuse2\x64\debug\moc_qtcamuse_move.obj
e:\cloud\research\vision\qtcamuse2\qtcamuse2\x64\debug\moc_qtcamuse.obj
e:\cloud\research\vision\qtcamuse2\qtcamuse2\x64\debug\moc_capturethread.obj
e:\cloud\research\vision\qtcamuse2\qtcamuse2\x64\debug\capturethread.obj
e:\cloud\research\vision\qtcamuse2\qtcamuse2\x64\debug\qrc_qtcamuse2.sbr
e:\cloud\research\vision\qtcamuse2\qtcamuse2\x64\debug\qrc_qtcamuse2.obj
e:\cloud\research\vision\qtcamuse2\qtcamuse2\generatedfiles\qrc_qtcamuse2.cpp
e:\cloud\research\vision\qtcamuse2\qtcamuse2\generatedfiles\debug\moc_capturethread.cpp
e:\cloud\research\vision\qtcamuse2\qtcamuse2\generatedfiles\ui_qtcamuse.h
e:\cloud\research\vision\qtcamuse2\qtcamuse2\generatedfiles\ui_qtcamuse_move.h
e:\cloud\research\vision\qtcamuse2\qtcamuse2\generatedfiles\debug\moc_qtcamuse.cpp
e:\cloud\research\vision\qtcamuse2\qtcamuse2\generatedfiles\debug\moc_qtcamuse_move.cpp
e:\cloud\research\vision\qtcamuse2\qtcamuse2\generatedfiles\debug\moc_hsvhist.cpp
e:\cloud\research\vision\qtcamuse2\x64\debug\qtcamuse2.ilk
e:\cloud\research\vision\qtcamuse2\x64\debug\qtcamuse2.exe
e:\cloud\research\vision\qtcamuse2\x64\debug\qtcamuse2.pdb
e:\cloud\research\vision\qtcamuse2\qtcamuse2\x64\debug\moc_hsvhist.obj
e:\cloud\research\vision\qtcamuse2\qtcamuse2\x64\debug\hsvhist.sbr
e:\cloud\research\vision\qtcamuse2\qtcamuse2\x64\debug\moc_hsvhist.sbr
e:\cloud\research\vision\qtcamuse2\qtcamuse2\x64\debug\qtcamuse2.tlog\bscmake.command.1.tlog
e:\cloud\research\vision\qtcamuse2\qtcamuse2\x64\debug\qtcamuse2.tlog\bscmake.read.1.tlog
e:\cloud\research\vision\qtcamuse2\qtcamuse2\x64\debug\qtcamuse2.tlog\bscmake.write.1.tlog
e:\cloud\research\vision\qtcamuse2\qtcamuse2\x64\debug\qtcamuse2.tlog\cl.command.1.tlog
e:\cloud\research\vision\qtcamuse2\qtcamuse2\x64\debug\qtcamuse2.tlog\cl.read.1.tlog
e:\cloud\research\vision\qtcamuse2\qtcamuse2\x64\debug\qtcamuse2.tlog\cl.write.1.tlog
e:\cloud\research\vision\qtcamuse2\qtcamuse2\x64\debug\qtcamuse2.tlog\custombuild.command.1.tlog
e:\cloud\research\vision\qtcamuse2\qtcamuse2\x64\debug\qtcamuse2.tlog\custombuild.read.1.tlog
e:\cloud\research\vision\qtcamuse2\qtcamuse2\x64\debug\qtcamuse2.tlog\custombuild.write.1.tlog
e:\cloud\research\vision\qtcamuse2\qtcamuse2\x64\debug\qtcamuse2.tlog\link.command.1.tlog
e:\cloud\research\vision\qtcamuse2\qtcamuse2\x64\debug\qtcamuse2.tlog\link.read.1.tlog
e:\cloud\research\vision\qtcamuse2\qtcamuse2\x64\debug\qtcamuse2.tlog\link.write.1.tlog
